2022/12/30 13:16:30 [notice] 1#1: using the "epoll" event method
2022/12/30 13:16:30 [notice] 1#1: nginx/1.23.3
2022/12/30 13:16:30 [notice] 1#1: built by gcc 10.2.1 20210110 (Debian 10.2.1-6) 
2022/12/30 13:16:30 [notice] 1#1: OS: Linux 5.10.25-linuxkit
2022/12/30 13:16:30 [notice] 1#1: getrlimit(RLIMIT_NOFILE): 1048576:1048576
2022/12/30 13:16:30 [notice] 1#1: start worker processes
2022/12/30 13:16:30 [notice] 1#1: start worker process 28
2022/12/30 13:16:30 [notice] 1#1: start worker process 29
2022/12/30 13:16:30 [notice] 1#1: start worker process 30
2022/12/30 13:16:30 [notice] 1#1: start worker process 31
2022/12/30 13:17:05 [error] 28#28: *1 open() "/usr/share/nginx/html/;;" failed (2: No such file or directory), client: 172.30.0.1, server: localhost, request: "GET /;; HTTP/1.1", host: "localhost"
2022/12/30 14:10:37 [notice] 1#1: using the "epoll" event method
2022/12/30 14:10:37 [notice] 1#1: nginx/1.23.3
2022/12/30 14:10:37 [notice] 1#1: built by gcc 10.2.1 20210110 (Debian 10.2.1-6) 
2022/12/30 14:10:37 [notice] 1#1: OS: Linux 5.15.49-linuxkit
2022/12/30 14:10:37 [notice] 1#1: getrlimit(RLIMIT_NOFILE): 1048576:1048576
2022/12/30 14:10:37 [notice] 1#1: start worker processes
2022/12/30 14:10:37 [notice] 1#1: start worker process 21
2022/12/30 14:10:37 [notice] 1#1: start worker process 22
2022/12/30 14:10:37 [notice] 1#1: start worker process 23
2022/12/30 14:10:37 [notice] 1#1: start worker process 24
2022/12/30 14:10:59 [notice] 1#1: signal 3 (SIGQUIT) received, shutting down
2022/12/30 14:10:59 [notice] 21#21: gracefully shutting down
2022/12/30 14:10:59 [notice] 21#21: exiting
2022/12/30 14:10:59 [notice] 22#22: gracefully shutting down
2022/12/30 14:10:59 [notice] 22#22: exiting
2022/12/30 14:10:59 [notice] 23#23: gracefully shutting down
2022/12/30 14:10:59 [notice] 23#23: exiting
2022/12/30 14:10:59 [notice] 24#24: gracefully shutting down
2022/12/30 14:10:59 [notice] 21#21: exit
2022/12/30 14:10:59 [notice] 22#22: exit
2022/12/30 14:10:59 [notice] 23#23: exit
2022/12/30 14:10:59 [notice] 24#24: exiting
2022/12/30 14:10:59 [notice] 24#24: exit
2022/12/30 14:10:59 [notice] 1#1: signal 17 (SIGCHLD) received from 21
2022/12/30 14:10:59 [notice] 1#1: worker process 21 exited with code 0
2022/12/30 14:10:59 [notice] 1#1: signal 29 (SIGIO) received
2022/12/30 14:10:59 [notice] 1#1: signal 17 (SIGCHLD) received from 22
2022/12/30 14:10:59 [notice] 1#1: worker process 22 exited with code 0
2022/12/30 14:10:59 [notice] 1#1: signal 29 (SIGIO) received
2022/12/30 14:10:59 [notice] 1#1: signal 17 (SIGCHLD) received from 23
2022/12/30 14:10:59 [notice] 1#1: worker process 23 exited with code 0
2022/12/30 14:10:59 [notice] 1#1: worker process 24 exited with code 0
2022/12/30 14:10:59 [notice] 1#1: exit
2022/12/30 14:22:19 [notice] 1#1: using the "epoll" event method
2022/12/30 14:22:19 [notice] 1#1: nginx/1.23.3
2022/12/30 14:22:19 [notice] 1#1: built by gcc 10.2.1 20210110 (Debian 10.2.1-6) 
2022/12/30 14:22:19 [notice] 1#1: OS: Linux 5.15.49-linuxkit
2022/12/30 14:22:19 [notice] 1#1: getrlimit(RLIMIT_NOFILE): 1048576:1048576
2022/12/30 14:22:19 [notice] 1#1: start worker processes
2022/12/30 14:22:19 [notice] 1#1: start worker process 29
2022/12/30 14:22:19 [notice] 1#1: start worker process 30
2022/12/30 14:22:19 [notice] 1#1: start worker process 31
2022/12/30 14:22:19 [notice] 1#1: start worker process 32
2022/12/30 14:50:29 [error] 30#30: *2 open() "/usr/share/nginx/html/favicon.ico" failed (2: No such file or directory), client: 172.30.0.1, server: localhost, request: "GET /favicon.ico HTTP/1.1", host: "localhost", referrer: "http://localhost/"
2022/12/30 14:50:41 [error] 30#30: *2 open() "/usr/share/nginx/html/error" failed (2: No such file or directory), client: 172.30.0.1, server: localhost, request: "GET /error HTTP/1.1", host: "localhost"
2022/12/30 14:51:30 [error] 30#30: *2 open() "/usr/share/nginx/html/error" failed (2: No such file or directory), client: 172.30.0.1, server: localhost, request: "GET /error HTTP/1.1", host: "localhost"
2022/12/30 14:51:31 [error] 30#30: *2 open() "/usr/share/nginx/html/error" failed (2: No such file or directory), client: 172.30.0.1, server: localhost, request: "GET /error HTTP/1.1", host: "localhost"
2022/12/30 14:51:31 [error] 30#30: *2 open() "/usr/share/nginx/html/error" failed (2: No such file or directory), client: 172.30.0.1, server: localhost, request: "GET /error HTTP/1.1", host: "localhost"
2022/12/30 14:51:31 [error] 30#30: *2 open() "/usr/share/nginx/html/error" failed (2: No such file or directory), client: 172.30.0.1, server: localhost, request: "GET /error HTTP/1.1", host: "localhost"
2022/12/30 14:51:31 [error] 30#30: *2 open() "/usr/share/nginx/html/error" failed (2: No such file or directory), client: 172.30.0.1, server: localhost, request: "GET /error HTTP/1.1", host: "localhost"
2022/12/30 14:51:32 [error] 30#30: *2 open() "/usr/share/nginx/html/error" failed (2: No such file or directory), client: 172.30.0.1, server: localhost, request: "GET /error HTTP/1.1", host: "localhost"
2022/12/30 14:52:20 [error] 31#31: *5 open() "/usr/share/nginx/html/error" failed (2: No such file or directory), client: 172.30.0.1, server: localhost, request: "GET /error HTTP/1.1", host: "localhost"
2022/12/30 14:52:21 [error] 31#31: *5 open() "/usr/share/nginx/html/error" failed (2: No such file or directory), client: 172.30.0.1, server: localhost, request: "GET /error HTTP/1.1", host: "localhost"
2022/12/30 14:52:21 [error] 31#31: *5 open() "/usr/share/nginx/html/error" failed (2: No such file or directory), client: 172.30.0.1, server: localhost, request: "GET /error HTTP/1.1", host: "localhost"
2022/12/30 14:52:21 [error] 31#31: *5 open() "/usr/share/nginx/html/error" failed (2: No such file or directory), client: 172.30.0.1, server: localhost, request: "GET /error HTTP/1.1", host: "localhost"
2022/12/30 14:52:21 [error] 31#31: *5 open() "/usr/share/nginx/html/error" failed (2: No such file or directory), client: 172.30.0.1, server: localhost, request: "GET /error HTTP/1.1", host: "localhost"
2022/12/30 14:52:21 [error] 31#31: *5 open() "/usr/share/nginx/html/error" failed (2: No such file or directory), client: 172.30.0.1, server: localhost, request: "GET /error HTTP/1.1", host: "localhost"
2022/12/30 14:52:22 [error] 31#31: *5 open() "/usr/share/nginx/html/error" failed (2: No such file or directory), client: 172.30.0.1, server: localhost, request: "GET /error HTTP/1.1", host: "localhost"
2022/12/30 16:22:37 [notice] 1#1: signal 3 (SIGQUIT) received, shutting down
2022/12/30 16:22:37 [notice] 30#30: gracefully shutting down
2022/12/30 16:22:37 [notice] 32#32: gracefully shutting down
2022/12/30 16:22:37 [notice] 31#31: gracefully shutting down
2022/12/30 16:22:37 [notice] 29#29: gracefully shutting down
2022/12/30 16:22:37 [notice] 30#30: exiting
2022/12/30 16:22:37 [notice] 32#32: exiting
2022/12/30 16:22:37 [notice] 32#32: exit
2022/12/30 16:22:37 [notice] 31#31: exiting
2022/12/30 16:22:37 [notice] 29#29: exiting
2022/12/30 16:22:37 [notice] 30#30: exit
2022/12/30 16:22:37 [notice] 31#31: exit
2022/12/30 16:22:37 [notice] 29#29: exit
2022/12/30 16:22:37 [notice] 1#1: signal 17 (SIGCHLD) received from 31
2022/12/30 16:22:37 [notice] 1#1: worker process 29 exited with code 0
2022/12/30 16:22:37 [notice] 1#1: worker process 31 exited with code 0
2022/12/30 16:22:37 [notice] 1#1: worker process 32 exited with code 0
2022/12/30 16:22:37 [notice] 1#1: signal 29 (SIGIO) received
2022/12/30 16:22:37 [notice] 1#1: signal 17 (SIGCHLD) received from 29
2022/12/30 16:22:37 [notice] 1#1: signal 17 (SIGCHLD) received from 30
2022/12/30 16:22:37 [notice] 1#1: worker process 30 exited with code 0
2022/12/30 16:22:37 [notice] 1#1: exit
2022/12/30 16:30:01 [notice] 1#1: using the "epoll" event method
2022/12/30 16:30:01 [notice] 1#1: nginx/1.23.3
2022/12/30 16:30:01 [notice] 1#1: built by gcc 10.2.1 20210110 (Debian 10.2.1-6) 
2022/12/30 16:30:01 [notice] 1#1: OS: Linux 5.15.49-linuxkit
2022/12/30 16:30:01 [notice] 1#1: getrlimit(RLIMIT_NOFILE): 1048576:1048576
2022/12/30 16:30:01 [notice] 1#1: start worker processes
2022/12/30 16:30:01 [notice] 1#1: start worker process 22
2022/12/30 16:30:01 [notice] 1#1: start worker process 23
2022/12/30 16:30:01 [notice] 1#1: start worker process 24
2022/12/30 16:30:01 [notice] 1#1: start worker process 25
2022/12/30 16:30:03 [notice] 1#1: signal 3 (SIGQUIT) received, shutting down
2022/12/30 16:30:04 [notice] 22#22: gracefully shutting down
2022/12/30 16:30:04 [notice] 22#22: exiting
2022/12/30 16:30:04 [notice] 23#23: gracefully shutting down
2022/12/30 16:30:04 [notice] 24#24: gracefully shutting down
2022/12/30 16:30:04 [notice] 24#24: exiting
2022/12/30 16:30:04 [notice] 25#25: gracefully shutting down
2022/12/30 16:30:04 [notice] 22#22: exit
2022/12/30 16:30:04 [notice] 23#23: exiting
2022/12/30 16:30:04 [notice] 24#24: exit
2022/12/30 16:30:04 [notice] 25#25: exiting
2022/12/30 16:30:04 [notice] 23#23: exit
2022/12/30 16:30:04 [notice] 25#25: exit
2022/12/30 16:30:04 [notice] 1#1: signal 17 (SIGCHLD) received from 22
2022/12/30 16:30:04 [notice] 1#1: worker process 22 exited with code 0
2022/12/30 16:30:04 [notice] 1#1: signal 29 (SIGIO) received
2022/12/30 16:30:04 [notice] 1#1: signal 17 (SIGCHLD) received from 24
2022/12/30 16:30:04 [notice] 1#1: worker process 24 exited with code 0
2022/12/30 16:30:04 [notice] 1#1: signal 29 (SIGIO) received
2022/12/30 16:30:04 [notice] 1#1: signal 17 (SIGCHLD) received from 25
2022/12/30 16:30:04 [notice] 1#1: worker process 23 exited with code 0
2022/12/30 16:30:04 [notice] 1#1: worker process 25 exited with code 0
2022/12/30 16:30:04 [notice] 1#1: exit
2022/12/30 16:30:07 [notice] 1#1: using the "epoll" event method
2022/12/30 16:30:07 [notice] 1#1: nginx/1.23.3
2022/12/30 16:30:07 [notice] 1#1: built by gcc 10.2.1 20210110 (Debian 10.2.1-6) 
2022/12/30 16:30:07 [notice] 1#1: OS: Linux 5.15.49-linuxkit
2022/12/30 16:30:07 [notice] 1#1: getrlimit(RLIMIT_NOFILE): 1048576:1048576
2022/12/30 16:30:07 [notice] 1#1: start worker processes
2022/12/30 16:30:07 [notice] 1#1: start worker process 22
2022/12/30 16:30:07 [notice] 1#1: start worker process 23
2022/12/30 16:30:07 [notice] 1#1: start worker process 24
2022/12/30 16:30:07 [notice] 1#1: start worker process 25
